## Footprint report - date 12/06/21 11:34:40
## Created by Pcbnew version kicad (5.1.6)-1
## Unit = mm, Angle = deg.

$BeginDESCRIPTION

$BOARD
upper_left_corner 82.309300 58.473599
lower_right_corner 228.344301 129.578600
$EndBOARD

$MODULE "D8"
reference "D8"
value "TMA1515S"
footprint "TRACO:TMA1515S"
attribut none
position 135.482300 81.612600  orientation 270.00
layer front
$PAD "6"
Shape Circle Layer both
position  5.080000  0.000000  size  1.524000  1.524000  orientation 0.00
drill  0.762000
shape_offset  0.000000  0.000000
$EndPAD
$PAD "5"
Shape Circle Layer both
position  2.540000  0.000000  size  1.524000  1.524000  orientation 0.00
drill  0.762000
shape_offset  0.000000  0.000000
$EndPAD
$PAD "4"
Shape Circle Layer both
position  0.000000  0.000000  size  1.524000  1.524000  orientation 0.00
drill  0.762000
shape_offset  0.000000  0.000000
$EndPAD
$PAD "2"
Shape Circle Layer both
position -5.080000  0.000000  size  1.524000  1.524000  orientation 0.00
drill  0.762000
shape_offset  0.000000  0.000000
$EndPAD
$PAD "1"
Shape Circle Layer both
position -7.620000  0.000000  size  1.524000  1.524000  orientation 0.00
drill  0.762000
shape_offset  0.000000  0.000000
$EndPAD
$EndMODULE  D8

$MODULE "U2"
reference "U2"
value "LM1117GS-3.3"
footprint "Package_TO_SOT_SMD:SOT-223"
attribut smd
position 148.182300 88.724600  orientation 180.00
layer front
$PAD "1"
Shape Rect Layer front
position -3.150000 -2.300000  size  2.000000  1.500000  orientation 0.00
drill  0.000000
shape_offset  0.000000  0.000000
$EndPAD
$PAD "3"
Shape Rect Layer front
position -3.150000  2.300000  size  2.000000  1.500000  orientation 0.00
drill  0.000000
shape_offset  0.000000  0.000000
$EndPAD
$PAD "2"
Shape Rect Layer front
position -3.150000  0.000000  size  2.000000  1.500000  orientation 0.00
drill  0.000000
shape_offset  0.000000  0.000000
$EndPAD
$PAD "4"
Shape Rect Layer front
position  3.150000  0.000000  size  2.000000  3.800000  orientation 0.00
drill  0.000000
shape_offset  0.000000  0.000000
$EndPAD
$EndMODULE  U2

$MODULE "C13"
reference "C13"
value "10u"
footprint "Capacitor_SMD:C_0805_2012Metric_Pad1.15x1.40mm_HandSolder"
attribut smd
position 154.151300 89.876600  orientation 270.00
layer front
$PAD "2"
Shape Roundrect Layer front
position  1.025000  0.000000  size  1.150000  1.400000  orientation 0.00
drill  0.000000
shape_offset  0.000000  0.000000
$EndPAD
$PAD "1"
Shape Roundrect Layer front
position -1.025000  0.000000  size  1.150000  1.400000  orientation 0.00
drill  0.000000
shape_offset  0.000000  0.000000
$EndPAD
$EndMODULE  C13

$MODULE "C12"
reference "C12"
value "10u"
footprint "Capacitor_SMD:C_0805_2012Metric_Pad1.15x1.40mm_HandSolder"
attribut smd
position 154.976800 86.438600  orientation 0.00
layer front
$PAD "2"
Shape Roundrect Layer front
position  1.025000  0.000000  size  1.150000  1.400000  orientation 0.00
drill  0.000000
shape_offset  0.000000  0.000000
$EndPAD
$PAD "1"
Shape Roundrect Layer front
position -1.025000  0.000000  size  1.150000  1.400000  orientation 0.00
drill  0.000000
shape_offset  0.000000  0.000000
$EndPAD
$EndMODULE  C12

$MODULE "C9"
reference "C9"
value "220p"
footprint "Capacitor_SMD:C_0603_1608Metric_Pad1.05x0.95mm_HandSolder"
attribut smd
position 170.788300 96.916100  orientation 90.00
layer front
$PAD "2"
Shape Roundrect Layer front
position  0.875000  0.000000  size  1.050000  0.950000  orientation 0.00
drill  0.000000
shape_offset  0.000000  0.000000
$EndPAD
$PAD "1"
Shape Roundrect Layer front
position -0.875000  0.000000  size  1.050000  0.950000  orientation 0.00
drill  0.000000
shape_offset  0.000000  0.000000
$EndPAD
$EndMODULE  C9

$MODULE "C10"
reference "C10"
value "1u"
footprint "Capacitor_SMD:C_0603_1608Metric_Pad1.05x0.95mm_HandSolder"
attribut smd
position 172.756800 96.916100  orientation 90.00
layer front
$PAD "2"
Shape Roundrect Layer front
position  0.875000  0.000000  size  1.050000  0.950000  orientation 0.00
drill  0.000000
shape_offset  0.000000  0.000000
$EndPAD
$PAD "1"
Shape Roundrect Layer front
position -0.875000  0.000000  size  1.050000  0.950000  orientation 0.00
drill  0.000000
shape_offset  0.000000  0.000000
$EndPAD
$EndMODULE  C10

$MODULE "D2"
reference "D2"
value "ISO54-Driver"
footprint "Package_SO:SOIC-16W_7.5x10.3mm_P1.27mm"
attribut smd
position 164.184300 87.200600  orientation 90.00
layer front
$PAD "16"
Shape Roundrect Layer front
position  4.650000 -4.445000  size  2.050000  0.600000  orientation 0.00
drill  0.000000
shape_offset  0.000000  0.000000
$EndPAD
$PAD "15"
Shape Roundrect Layer front
position  4.650000 -3.175000  size  2.050000  0.600000  orientation 0.00
drill  0.000000
shape_offset  0.000000  0.000000
$EndPAD
$PAD "14"
Shape Roundrect Layer front
position  4.650000 -1.905000  size  2.050000  0.600000  orientation 0.00
drill  0.000000
shape_offset  0.000000  0.000000
$EndPAD
$PAD "13"
Shape Roundrect Layer front
position  4.650000 -0.635000  size  2.050000  0.600000  orientation 0.00
drill  0.000000
shape_offset  0.000000  0.000000
$EndPAD
$PAD "12"
Shape Roundrect Layer front
position  4.650000  0.635000  size  2.050000  0.600000  orientation 0.00
drill  0.000000
shape_offset  0.000000  0.000000
$EndPAD
$PAD "11"
Shape Roundrect Layer front
position  4.650000  1.905000  size  2.050000  0.600000  orientation 0.00
drill  0.000000
shape_offset  0.000000  0.000000
$EndPAD
$PAD "10"
Shape Roundrect Layer front
position  4.650000  3.175000  size  2.050000  0.600000  orientation 0.00
drill  0.000000
shape_offset  0.000000  0.000000
$EndPAD
$PAD "9"
Shape Roundrect Layer front
position  4.650000  4.445000  size  2.050000  0.600000  orientation 0.00
drill  0.000000
shape_offset  0.000000  0.000000
$EndPAD
$PAD "8"
Shape Roundrect Layer front
position -4.650000  4.445000  size  2.050000  0.600000  orientation 0.00
drill  0.000000
shape_offset  0.000000  0.000000
$EndPAD
$PAD "7"
Shape Roundrect Layer front
position -4.650000  3.175000  size  2.050000  0.600000  orientation 0.00
drill  0.000000
shape_offset  0.000000  0.000000
$EndPAD
$PAD "6"
Shape Roundrect Layer front
position -4.650000  1.905000  size  2.050000  0.600000  orientation 0.00
drill  0.000000
shape_offset  0.000000  0.000000
$EndPAD
$PAD "5"
Shape Roundrect Layer front
position -4.650000  0.635000  size  2.050000  0.600000  orientation 0.00
drill  0.000000
shape_offset  0.000000  0.000000
$EndPAD
$PAD "4"
Shape Roundrect Layer front
position -4.650000 -0.635000  size  2.050000  0.600000  orientation 0.00
drill  0.000000
shape_offset  0.000000  0.000000
$EndPAD
$PAD "3"
Shape Roundrect Layer front
position -4.650000 -1.905000  size  2.050000  0.600000  orientation 0.00
drill  0.000000
shape_offset  0.000000  0.000000
$EndPAD
$PAD "2"
Shape Roundrect Layer front
position -4.650000 -3.175000  size  2.050000  0.600000  orientation 0.00
drill  0.000000
shape_offset  0.000000  0.000000
$EndPAD
$PAD "1"
Shape Roundrect Layer front
position -4.650000 -4.445000  size  2.050000  0.600000  orientation 0.00
drill  0.000000
shape_offset  0.000000  0.000000
$EndPAD
$EndMODULE  D2

$MODULE "R6"
reference "R6"
value "3.9"
footprint "Resistor_SMD:R_1206_3216Metric_Pad1.42x1.75mm_HandSolder"
attribut smd
position 163.549300 96.789100  orientation 270.00
layer front
$PAD "2"
Shape Roundrect Layer front
position  1.487500  0.000000  size  1.425000  1.750000  orientation 0.00
drill  0.000000
shape_offset  0.000000  0.000000
$EndPAD
$PAD "1"
Shape Roundrect Layer front
position -1.487500  0.000000  size  1.425000  1.750000  orientation 0.00
drill  0.000000
shape_offset  0.000000  0.000000
$EndPAD
$EndMODULE  R6

$MODULE "R5"
reference "R5"
value "3.9"
footprint "Resistor_SMD:R_1206_3216Metric_Pad1.42x1.75mm_HandSolder"
attribut smd
position 166.533800 96.789100  orientation 270.00
layer front
$PAD "2"
Shape Roundrect Layer front
position  1.487500  0.000000  size  1.425000  1.750000  orientation 0.00
drill  0.000000
shape_offset  0.000000  0.000000
$EndPAD
$PAD "1"
Shape Roundrect Layer front
position -1.487500  0.000000  size  1.425000  1.750000  orientation 0.00
drill  0.000000
shape_offset  0.000000  0.000000
$EndPAD
$EndMODULE  R5

$MODULE "R4"
reference "R4"
value "6.8k"
footprint "Resistor_SMD:R_0805_2012Metric_Pad1.15x1.40mm_HandSolder"
attribut smd
position 160.882300 96.789100  orientation 270.00
layer front
$PAD "2"
Shape Roundrect Layer front
position  1.025000  0.000000  size  1.150000  1.400000  orientation 0.00
drill  0.000000
shape_offset  0.000000  0.000000
$EndPAD
$PAD "1"
Shape Roundrect Layer front
position -1.025000  0.000000  size  1.150000  1.400000  orientation 0.00
drill  0.000000
shape_offset  0.000000  0.000000
$EndPAD
$EndMODULE  R4

$MODULE "D4"
reference "D4"
value "BZT52C10-7-F"
footprint "Diode_SMD:D_SOD-123"
attribut smd
position 175.169800 96.916100  orientation 90.00
layer front
$PAD "2"
Shape Rect Layer front
position  1.650000  0.000000  size  0.900000  1.200000  orientation 0.00
drill  0.000000
shape_offset  0.000000  0.000000
$EndPAD
$PAD "1"
Shape Rect Layer front
position -1.650000  0.000000  size  0.900000  1.200000  orientation 0.00
drill  0.000000
shape_offset  0.000000  0.000000
$EndPAD
$EndMODULE  D4

$MODULE "D3"
reference "D3"
value "MMSZ5223B"
footprint "Diode_SMD:D_SOD-123"
attribut smd
position 177.836800 96.916100  orientation 90.00
layer front
$PAD "2"
Shape Rect Layer front
position  1.650000  0.000000  size  0.900000  1.200000  orientation 0.00
drill  0.000000
shape_offset  0.000000  0.000000
$EndPAD
$PAD "1"
Shape Rect Layer front
position -1.650000  0.000000  size  0.900000  1.200000  orientation 0.00
drill  0.000000
shape_offset  0.000000  0.000000
$EndPAD
$EndMODULE  D3

$MODULE "C1"
reference "C1"
value "2u"
footprint "Capacitor_THT:C_Rect_L31.5mm_W13.0mm_P27.50mm_MKS4"
attribut none
position 122.020300 116.728100  orientation 90.00
layer front
$PAD "2"
Shape Circle Layer both
position 27.500000  0.000000  size  2.400000  2.400000  orientation 0.00
drill  1.200000
shape_offset  0.000000  0.000000
$EndPAD
$PAD "1"
Shape Circle Layer both
position  0.000000  0.000000  size  2.400000  2.400000  orientation 0.00
drill  1.200000
shape_offset  0.000000  0.000000
$EndPAD
$EndMODULE  C1

$MODULE "U1"
reference "U1"
value "LM1117GS-5.0"
footprint "Package_TO_SOT_SMD:SOT-223"
attribut smd
position 148.182300 80.723600  orientation 180.00
layer front
$PAD "1"
Shape Rect Layer front
position -3.150000 -2.300000  size  2.000000  1.500000  orientation 0.00
drill  0.000000
shape_offset  0.000000  0.000000
$EndPAD
$PAD "3"
Shape Rect Layer front
position -3.150000  2.300000  size  2.000000  1.500000  orientation 0.00
drill  0.000000
shape_offset  0.000000  0.000000
$EndPAD
$PAD "2"
Shape Rect Layer front
position -3.150000  0.000000  size  2.000000  1.500000  orientation 0.00
drill  0.000000
shape_offset  0.000000  0.000000
$EndPAD
$PAD "4"
Shape Rect Layer front
position  3.150000  0.000000  size  2.000000  3.800000  orientation 0.00
drill  0.000000
shape_offset  0.000000  0.000000
$EndPAD
$EndMODULE  U1

$MODULE "D1"
reference "D1"
value "VS-60EPF06-M3"
footprint "Package_TO_SOT_THT:TO-247-2_Vertical"
attribut none
position 143.655000 123.170000  orientation 180.00
layer front
$PAD "2"
Shape Oval Layer both
position 10.900000  0.000000  size  2.500000  4.500000  orientation 0.00
drill  1.500000
shape_offset  0.000000  0.000000
$EndPAD
$PAD "1"
Shape Rect Layer both
position  0.000000  0.000000  size  2.500000  4.500000  orientation 0.00
drill  1.500000
shape_offset  0.000000  0.000000
$EndPAD
$EndMODULE  D1

$MODULE "J5"
reference "J5"
value "OUT+"
footprint "Connector_Molex:Molex_Micro-Fit_3.0_43045-0800_2x04_P3.00mm_Horizontal"
attribut none
position 207.364300 107.393600  orientation 270.00
layer front
$PAD "8"
Shape Circle Layer both
position  9.000000  3.000000  size  1.500000  1.500000  orientation 0.00
drill  1.020000
shape_offset  0.000000  0.000000
$EndPAD
$PAD "7"
Shape Circle Layer both
position  6.000000  3.000000  size  1.500000  1.500000  orientation 0.00
drill  1.020000
shape_offset  0.000000  0.000000
$EndPAD
$PAD "6"
Shape Circle Layer both
position  3.000000  3.000000  size  1.500000  1.500000  orientation 0.00
drill  1.020000
shape_offset  0.000000  0.000000
$EndPAD
$PAD "5"
Shape Circle Layer both
position  0.000000  3.000000  size  1.500000  1.500000  orientation 0.00
drill  1.020000
shape_offset  0.000000  0.000000
$EndPAD
$PAD "4"
Shape Circle Layer both
position  9.000000  0.000000  size  1.500000  1.500000  orientation 0.00
drill  1.020000
shape_offset  0.000000  0.000000
$EndPAD
$PAD "3"
Shape Circle Layer both
position  6.000000  0.000000  size  1.500000  1.500000  orientation 0.00
drill  1.020000
shape_offset  0.000000  0.000000
$EndPAD
$PAD "2"
Shape Circle Layer both
position  3.000000  0.000000  size  1.500000  1.500000  orientation 0.00
drill  1.020000
shape_offset  0.000000  0.000000
$EndPAD
$PAD "1"
Shape Roundrect Layer both
position  0.000000  0.000000  size  1.500000  1.500000  orientation 0.00
drill  1.020000
shape_offset  0.000000  0.000000
$EndPAD
$PAD ""
Shape Circle Layer both
position  6.860000 -4.320000  size  3.000000  3.000000  orientation 0.00
drill  3.000000
shape_offset  0.000000  0.000000
$EndPAD
$PAD ""
Shape Circle Layer both
position  2.160000 -4.320000  size  3.000000  3.000000  orientation 0.00
drill  3.000000
shape_offset  0.000000  0.000000
$EndPAD
$EndMODULE  J5

$MODULE "J4"
reference "J4"
value "OUT-"
footprint "Connector_Molex:Molex_Micro-Fit_3.0_43045-0800_2x04_P3.00mm_Horizontal"
attribut none
position 207.364300 83.263600  orientation 270.00
layer front
$PAD "8"
Shape Circle Layer both
position  9.000000  3.000000  size  1.500000  1.500000  orientation 0.00
drill  1.020000
shape_offset  0.000000  0.000000
$EndPAD
$PAD "7"
Shape Circle Layer both
position  6.000000  3.000000  size  1.500000  1.500000  orientation 0.00
drill  1.020000
shape_offset  0.000000  0.000000
$EndPAD
$PAD "6"
Shape Circle Layer both
position  3.000000  3.000000  size  1.500000  1.500000  orientation 0.00
drill  1.020000
shape_offset  0.000000  0.000000
$EndPAD
$PAD "5"
Shape Circle Layer both
position  0.000000  3.000000  size  1.500000  1.500000  orientation 0.00
drill  1.020000
shape_offset  0.000000  0.000000
$EndPAD
$PAD "4"
Shape Circle Layer both
position  9.000000  0.000000  size  1.500000  1.500000  orientation 0.00
drill  1.020000
shape_offset  0.000000  0.000000
$EndPAD
$PAD "3"
Shape Circle Layer both
position  6.000000  0.000000  size  1.500000  1.500000  orientation 0.00
drill  1.020000
shape_offset  0.000000  0.000000
$EndPAD
$PAD "2"
Shape Circle Layer both
position  3.000000  0.000000  size  1.500000  1.500000  orientation 0.00
drill  1.020000
shape_offset  0.000000  0.000000
$EndPAD
$PAD "1"
Shape Roundrect Layer both
position  0.000000  0.000000  size  1.500000  1.500000  orientation 0.00
drill  1.020000
shape_offset  0.000000  0.000000
$EndPAD
$PAD ""
Shape Circle Layer both
position  6.860000 -4.320000  size  3.000000  3.000000  orientation 0.00
drill  3.000000
shape_offset  0.000000  0.000000
$EndPAD
$PAD ""
Shape Circle Layer both
position  2.160000 -4.320000  size  3.000000  3.000000  orientation 0.00
drill  3.000000
shape_offset  0.000000  0.000000
$EndPAD
$EndMODULE  J4

$MODULE "J2"
reference "J2"
value "DC-"
footprint "Connector_Molex:Molex_Micro-Fit_3.0_43045-0800_2x04_P3.00mm_Horizontal"
attribut none
position 107.034300 92.153600  orientation 90.00
layer front
$PAD "8"
Shape Circle Layer both
position  9.000000  3.000000  size  1.500000  1.500000  orientation 0.00
drill  1.020000
shape_offset  0.000000  0.000000
$EndPAD
$PAD "7"
Shape Circle Layer both
position  6.000000  3.000000  size  1.500000  1.500000  orientation 0.00
drill  1.020000
shape_offset  0.000000  0.000000
$EndPAD
$PAD "6"
Shape Circle Layer both
position  3.000000  3.000000  size  1.500000  1.500000  orientation 0.00
drill  1.020000
shape_offset  0.000000  0.000000
$EndPAD
$PAD "5"
Shape Circle Layer both
position  0.000000  3.000000  size  1.500000  1.500000  orientation 0.00
drill  1.020000
shape_offset  0.000000  0.000000
$EndPAD
$PAD "4"
Shape Circle Layer both
position  9.000000  0.000000  size  1.500000  1.500000  orientation 0.00
drill  1.020000
shape_offset  0.000000  0.000000
$EndPAD
$PAD "3"
Shape Circle Layer both
position  6.000000  0.000000  size  1.500000  1.500000  orientation 0.00
drill  1.020000
shape_offset  0.000000  0.000000
$EndPAD
$PAD "2"
Shape Circle Layer both
position  3.000000  0.000000  size  1.500000  1.500000  orientation 0.00
drill  1.020000
shape_offset  0.000000  0.000000
$EndPAD
$PAD "1"
Shape Roundrect Layer both
position  0.000000  0.000000  size  1.500000  1.500000  orientation 0.00
drill  1.020000
shape_offset  0.000000  0.000000
$EndPAD
$PAD ""
Shape Circle Layer both
position  6.860000 -4.320000  size  3.000000  3.000000  orientation 0.00
drill  3.000000
shape_offset  0.000000  0.000000
$EndPAD
$PAD ""
Shape Circle Layer both
position  2.160000 -4.320000  size  3.000000  3.000000  orientation 0.00
drill  3.000000
shape_offset  0.000000  0.000000
$EndPAD
$EndMODULE  J2

$MODULE "J1"
reference "J1"
value "DC+"
footprint "Connector_Molex:Molex_Micro-Fit_3.0_43045-0800_2x04_P3.00mm_Horizontal"
attribut none
position 107.034300 116.283600  orientation 90.00
layer front
$PAD "8"
Shape Circle Layer both
position  9.000000  3.000000  size  1.500000  1.500000  orientation 0.00
drill  1.020000
shape_offset  0.000000  0.000000
$EndPAD
$PAD "7"
Shape Circle Layer both
position  6.000000  3.000000  size  1.500000  1.500000  orientation 0.00
drill  1.020000
shape_offset  0.000000  0.000000
$EndPAD
$PAD "6"
Shape Circle Layer both
position  3.000000  3.000000  size  1.500000  1.500000  orientation 0.00
drill  1.020000
shape_offset  0.000000  0.000000
$EndPAD
$PAD "5"
Shape Circle Layer both
position  0.000000  3.000000  size  1.500000  1.500000  orientation 0.00
drill  1.020000
shape_offset  0.000000  0.000000
$EndPAD
$PAD "4"
Shape Circle Layer both
position  9.000000  0.000000  size  1.500000  1.500000  orientation 0.00
drill  1.020000
shape_offset  0.000000  0.000000
$EndPAD
$PAD "3"
Shape Circle Layer both
position  6.000000  0.000000  size  1.500000  1.500000  orientation 0.00
drill  1.020000
shape_offset  0.000000  0.000000
$EndPAD
$PAD "2"
Shape Circle Layer both
position  3.000000  0.000000  size  1.500000  1.500000  orientation 0.00
drill  1.020000
shape_offset  0.000000  0.000000
$EndPAD
$PAD "1"
Shape Roundrect Layer both
position  0.000000  0.000000  size  1.500000  1.500000  orientation 0.00
drill  1.020000
shape_offset  0.000000  0.000000
$EndPAD
$PAD ""
Shape Circle Layer both
position  6.860000 -4.320000  size  3.000000  3.000000  orientation 0.00
drill  3.000000
shape_offset  0.000000  0.000000
$EndPAD
$PAD ""
Shape Circle Layer both
position  2.160000 -4.320000  size  3.000000  3.000000  orientation 0.00
drill  3.000000
shape_offset  0.000000  0.000000
$EndPAD
$EndMODULE  J1

$MODULE "H6"
reference "H6"
value "MountingHole"
footprint "MountingHole:MountingHole_3mm"
attribut virtual
position 179.424300 63.578600  orientation 0.00
layer front
$PAD "1"
Shape Circle Layer both
position  0.000000  0.000000  size  3.000000  3.000000  orientation 0.00
drill  3.000000
shape_offset  0.000000  0.000000
$EndPAD
$EndMODULE  H6

$MODULE "H5"
reference "H5"
value "MountingHole"
footprint "MountingHole:MountingHole_3mm"
attribut virtual
position 131.164300 63.578600  orientation 0.00
layer front
$PAD "1"
Shape Circle Layer both
position  0.000000  0.000000  size  3.000000  3.000000  orientation 0.00
drill  3.000000
shape_offset  0.000000  0.000000
$EndPAD
$EndMODULE  H5

$MODULE "J3"
reference "J3"
value "Control Connector"
footprint "Connector_Molex:Molex_Micro-Fit_3.0_43045-0800_2x04_P3.00mm_Horizontal"
attribut none
position 151.484300 68.023600  orientation 0.00
layer front
$PAD "8"
Shape Circle Layer both
position  9.000000  3.000000  size  1.500000  1.500000  orientation 0.00
drill  1.020000
shape_offset  0.000000  0.000000
$EndPAD
$PAD "7"
Shape Circle Layer both
position  6.000000  3.000000  size  1.500000  1.500000  orientation 0.00
drill  1.020000
shape_offset  0.000000  0.000000
$EndPAD
$PAD "6"
Shape Circle Layer both
position  3.000000  3.000000  size  1.500000  1.500000  orientation 0.00
drill  1.020000
shape_offset  0.000000  0.000000
$EndPAD
$PAD "5"
Shape Circle Layer both
position  0.000000  3.000000  size  1.500000  1.500000  orientation 0.00
drill  1.020000
shape_offset  0.000000  0.000000
$EndPAD
$PAD "4"
Shape Circle Layer both
position  9.000000  0.000000  size  1.500000  1.500000  orientation 0.00
drill  1.020000
shape_offset  0.000000  0.000000
$EndPAD
$PAD "3"
Shape Circle Layer both
position  6.000000  0.000000  size  1.500000  1.500000  orientation 0.00
drill  1.020000
shape_offset  0.000000  0.000000
$EndPAD
$PAD "2"
Shape Circle Layer both
position  3.000000  0.000000  size  1.500000  1.500000  orientation 0.00
drill  1.020000
shape_offset  0.000000  0.000000
$EndPAD
$PAD "1"
Shape Roundrect Layer both
position  0.000000  0.000000  size  1.500000  1.500000  orientation 0.00
drill  1.020000
shape_offset  0.000000  0.000000
$EndPAD
$PAD ""
Shape Circle Layer both
position  6.860000 -4.320000  size  3.000000  3.000000  orientation 0.00
drill  3.000000
shape_offset  0.000000  0.000000
$EndPAD
$PAD ""
Shape Circle Layer both
position  2.160000 -4.320000  size  3.000000  3.000000  orientation 0.00
drill  3.000000
shape_offset  0.000000  0.000000
$EndPAD
$EndMODULE  J3

$MODULE "C11"
reference "C11"
value "0.22u"
footprint "Capacitor_SMD:C_2220_5650Metric_Pad1.97x5.40mm_HandSolder"
attribut smd
position 138.784300 103.583600  orientation 90.00
layer front
$PAD "2"
Shape Roundrect Layer front
position  2.637500  0.000000  size  1.975000  5.400000  orientation 0.00
drill  0.000000
shape_offset  0.000000  0.000000
$EndPAD
$PAD "1"
Shape Roundrect Layer front
position -2.637500  0.000000  size  1.975000  5.400000  orientation 0.00
drill  0.000000
shape_offset  0.000000  0.000000
$EndPAD
$EndMODULE  C11

$MODULE "C8"
reference "C8"
value "0.22u"
footprint "Capacitor_SMD:C_2220_5650Metric_Pad1.97x5.40mm_HandSolder"
attribut smd
position 145.769300 115.648600  orientation 0.00
layer front
$PAD "2"
Shape Roundrect Layer front
position  2.637500  0.000000  size  1.975000  5.400000  orientation 0.00
drill  0.000000
shape_offset  0.000000  0.000000
$EndPAD
$PAD "1"
Shape Roundrect Layer front
position -2.637500  0.000000  size  1.975000  5.400000  orientation 0.00
drill  0.000000
shape_offset  0.000000  0.000000
$EndPAD
$EndMODULE  C8

$MODULE "C5"
reference "C5"
value "0.22u"
footprint "Capacitor_SMD:C_2220_5650Metric_Pad1.97x5.40mm_HandSolder"
attribut smd
position 132.434300 103.583600  orientation 90.00
layer front
$PAD "2"
Shape Roundrect Layer front
position  2.637500  0.000000  size  1.975000  5.400000  orientation 0.00
drill  0.000000
shape_offset  0.000000  0.000000
$EndPAD
$PAD "1"
Shape Roundrect Layer front
position -2.637500  0.000000  size  1.975000  5.400000  orientation 0.00
drill  0.000000
shape_offset  0.000000  0.000000
$EndPAD
$EndMODULE  C5

$MODULE "C4"
reference "C4"
value "0.22u"
footprint "Capacitor_SMD:C_2220_5650Metric_Pad1.97x5.40mm_HandSolder"
attribut smd
position 145.769300 109.298600  orientation 0.00
layer front
$PAD "2"
Shape Roundrect Layer front
position  2.637500  0.000000  size  1.975000  5.400000  orientation 0.00
drill  0.000000
shape_offset  0.000000  0.000000
$EndPAD
$PAD "1"
Shape Roundrect Layer front
position -2.637500  0.000000  size  1.975000  5.400000  orientation 0.00
drill  0.000000
shape_offset  0.000000  0.000000
$EndPAD
$EndMODULE  C4

$MODULE "R7"
reference "R7"
value "Jumper"
footprint "Resistor_SMD:R_0805_2012Metric_Pad1.15x1.40mm_HandSolder"
attribut smd
position 167.549800 76.532600  orientation 180.00
layer front
$PAD "2"
Shape Roundrect Layer front
position  1.025000  0.000000  size  1.150000  1.400000  orientation 0.00
drill  0.000000
shape_offset  0.000000  0.000000
$EndPAD
$PAD "1"
Shape Roundrect Layer front
position -1.025000  0.000000  size  1.150000  1.400000  orientation 0.00
drill  0.000000
shape_offset  0.000000  0.000000
$EndPAD
$EndMODULE  R7

$MODULE "D6"
reference "D6"
value "LPSR_50-NP"
footprint "LPSR:LPSR_50"
attribut none
position 190.854300 98.503600  orientation 180.00
layer front
$PAD "1"
Shape Oval Layer both
position -6.350000  0.000000  size  2.500000  2.000000  orientation 0.00
drill  1.500000
shape_offset  0.000000  0.000000
$EndPAD
$PAD "2"
Shape Oval Layer both
position -6.350000  2.540000  size  2.500000  2.000000  orientation 0.00
drill  1.500000
shape_offset  0.000000  0.000000
$EndPAD
$PAD "3"
Shape Oval Layer both
position -6.350000  5.080000  size  2.500000  2.000000  orientation 0.00
drill  1.500000
shape_offset  0.000000  0.000000
$EndPAD
$PAD "4"
Shape Oval Layer both
position -6.350000  7.620000  size  2.500000  2.000000  orientation 0.00
drill  1.500000
shape_offset  0.000000  0.000000
$EndPAD
$PAD "5"
Shape Oval Layer both
position  6.350000  0.000000  size  2.500000  2.000000  orientation 0.00
drill  1.500000
shape_offset  0.000000  0.000000
$EndPAD
$PAD "6"
Shape Oval Layer both
position  6.350000  2.540000  size  2.500000  2.000000  orientation 0.00
drill  1.500000
shape_offset  0.000000  0.000000
$EndPAD
$PAD "7"
Shape Oval Layer both
position  6.350000  5.080000  size  2.500000  2.000000  orientation 0.00
drill  1.500000
shape_offset  0.000000  0.000000
$EndPAD
$PAD "8"
Shape Oval Layer both
position  6.350000  7.620000  size  2.500000  2.000000  orientation 0.00
drill  1.500000
shape_offset  0.000000  0.000000
$EndPAD
$PAD "9"
Shape Oval Layer both
position -3.810000 17.790000  size  1.500000  2.000000  orientation 0.00
drill  1.000000
shape_offset  0.000000  0.000000
$EndPAD
$PAD "10"
Shape Oval Layer both
position -1.905000 17.790000  size  1.500000  2.000000  orientation 0.00
drill  1.000000
shape_offset  0.000000  0.000000
$EndPAD
$PAD "11"
Shape Oval Layer both
position  0.000000 17.790000  size  1.500000  2.000000  orientation 0.00
drill  1.000000
shape_offset  0.000000  0.000000
$EndPAD
$PAD "12"
Shape Oval Layer both
position  1.905000 17.790000  size  1.500000  2.000000  orientation 0.00
drill  1.000000
shape_offset  0.000000  0.000000
$EndPAD
$PAD "13"
Shape Oval Layer both
position  3.810000 17.790000  size  1.500000  2.000000  orientation 0.00
drill  1.000000
shape_offset  0.000000  0.000000
$EndPAD
$EndMODULE  D6

$MODULE "R3"
reference "R3"
value "R_Small"
footprint "Resistor_SMD:R_0805_2012Metric_Pad1.15x1.40mm_HandSolder"
attribut smd
position 189.584300 75.008600  orientation 0.00
layer front
$PAD "2"
Shape Roundrect Layer front
position  1.025000  0.000000  size  1.150000  1.400000  orientation 0.00
drill  0.000000
shape_offset  0.000000  0.000000
$EndPAD
$PAD "1"
Shape Roundrect Layer front
position -1.025000  0.000000  size  1.150000  1.400000  orientation 0.00
drill  0.000000
shape_offset  0.000000  0.000000
$EndPAD
$EndMODULE  R3

$MODULE "R2"
reference "R2"
value "10k"
footprint "Resistor_SMD:R_0805_2012Metric_Pad1.15x1.40mm_HandSolder"
attribut smd
position 157.707300 118.315600  orientation 180.00
layer front
$PAD "2"
Shape Roundrect Layer front
position  1.025000  0.000000  size  1.150000  1.400000  orientation 0.00
drill  0.000000
shape_offset  0.000000  0.000000
$EndPAD
$PAD "1"
Shape Roundrect Layer front
position -1.025000  0.000000  size  1.150000  1.400000  orientation 0.00
drill  0.000000
shape_offset  0.000000  0.000000
$EndPAD
$EndMODULE  R2

$MODULE "R1"
reference "R1"
value "10"
footprint "Resistor_SMD:R_0805_2012Metric_Pad1.15x1.40mm_HandSolder"
attribut smd
position 159.612300 77.802600  orientation 0.00
layer front
$PAD "2"
Shape Roundrect Layer front
position  1.025000  0.000000  size  1.150000  1.400000  orientation 0.00
drill  0.000000
shape_offset  0.000000  0.000000
$EndPAD
$PAD "1"
Shape Roundrect Layer front
position -1.025000  0.000000  size  1.150000  1.400000  orientation 0.00
drill  0.000000
shape_offset  0.000000  0.000000
$EndPAD
$EndMODULE  R1

$MODULE "Q1"
reference "Q1"
value "HGTG20N60A4"
footprint "Package_TO_SOT_THT:TO-247-3_Vertical"
attribut none
position 163.041300 123.170000  orientation 180.00
layer front
$PAD "3"
Shape Oval Layer both
position 10.900000  0.000000  size  2.500000  4.500000  orientation 0.00
drill  1.500000
shape_offset  0.000000  0.000000
$EndPAD
$PAD "2"
Shape Oval Layer both
position  5.450000  0.000000  size  2.500000  4.500000  orientation 0.00
drill  1.500000
shape_offset  0.000000  0.000000
$EndPAD
$PAD "1"
Shape Rect Layer both
position  0.000000  0.000000  size  2.500000  4.500000  orientation 0.00
drill  1.500000
shape_offset  0.000000  0.000000
$EndPAD
$EndMODULE  Q1

$MODULE "H4"
reference "H4"
value "MountingHole"
footprint "MountingHole:MountingHole_3mm"
attribut virtual
position 222.604300 121.363600  orientation 0.00
layer front
$PAD "1"
Shape Circle Layer both
position  0.000000  0.000000  size  3.000000  3.000000  orientation 0.00
drill  3.000000
shape_offset  0.000000  0.000000
$EndPAD
$EndMODULE  H4

$MODULE "H3"
reference "H3"
value "MountingHole"
footprint "MountingHole:MountingHole_3mm"
attribut virtual
position 222.604300 76.278600  orientation 0.00
layer front
$PAD "1"
Shape Circle Layer both
position  0.000000  0.000000  size  3.000000  3.000000  orientation 0.00
drill  3.000000
shape_offset  0.000000  0.000000
$EndPAD
$EndMODULE  H3

$MODULE "H2"
reference "H2"
value "MountingHole"
footprint "MountingHole:MountingHole_3mm"
attribut virtual
position 91.794300 76.278600  orientation 0.00
layer front
$PAD "1"
Shape Circle Layer both
position  0.000000  0.000000  size  3.000000  3.000000  orientation 0.00
drill  3.000000
shape_offset  0.000000  0.000000
$EndPAD
$EndMODULE  H2

$MODULE "H1"
reference "H1"
value "MountingHole"
footprint "MountingHole:MountingHole_3mm"
attribut virtual
position 91.794300 121.363600  orientation 0.00
layer front
$PAD "1"
Shape Circle Layer both
position  0.000000  0.000000  size  3.000000  3.000000  orientation 0.00
drill  3.000000
shape_offset  0.000000  0.000000
$EndPAD
$EndMODULE  H1

$MODULE "D5"
reference "D5"
value "MURS360T3G"
footprint "Diode_SMD:D_SMC"
attribut smd
position 177.646300 108.028600  orientation 90.00
layer front
$PAD "2"
Shape Rect Layer front
position  3.400000  0.000000  size  3.300000  2.500000  orientation 90.00
drill  0.000000
shape_offset  0.000000  0.000000
$EndPAD
$PAD "1"
Shape Rect Layer front
position -3.400000  0.000000  size  3.300000  2.500000  orientation 90.00
drill  0.000000
shape_offset  0.000000  0.000000
$EndPAD
$EndMODULE  D5

$MODULE "C18"
reference "C18"
value "10u"
footprint "Capacitor_SMD:C_0805_2012Metric_Pad1.15x1.40mm_HandSolder"
attribut smd
position 154.151300 81.857600  orientation 270.00
layer front
$PAD "2"
Shape Roundrect Layer front
position  1.025000  0.000000  size  1.150000  1.400000  orientation 0.00
drill  0.000000
shape_offset  0.000000  0.000000
$EndPAD
$PAD "1"
Shape Roundrect Layer front
position -1.025000  0.000000  size  1.150000  1.400000  orientation 0.00
drill  0.000000
shape_offset  0.000000  0.000000
$EndPAD
$EndMODULE  C18

$MODULE "C17"
reference "C17"
value "10u"
footprint "Capacitor_SMD:C_0805_2012Metric_Pad1.15x1.40mm_HandSolder"
attribut smd
position 154.976800 78.374100  orientation 0.00
layer front
$PAD "2"
Shape Roundrect Layer front
position  1.025000  0.000000  size  1.150000  1.400000  orientation 0.00
drill  0.000000
shape_offset  0.000000  0.000000
$EndPAD
$PAD "1"
Shape Roundrect Layer front
position -1.025000  0.000000  size  1.150000  1.400000  orientation 0.00
drill  0.000000
shape_offset  0.000000  0.000000
$EndPAD
$EndMODULE  C17

$MODULE "C7"
reference "C7"
value "0.1u"
footprint "Capacitor_SMD:C_0603_1608Metric_Pad1.05x0.95mm_HandSolder"
attribut smd
position 159.739300 79.961600  orientation 180.00
layer front
$PAD "2"
Shape Roundrect Layer front
position  0.875000  0.000000  size  1.050000  0.950000  orientation 0.00
drill  0.000000
shape_offset  0.000000  0.000000
$EndPAD
$PAD "1"
Shape Roundrect Layer front
position -0.875000  0.000000  size  1.050000  0.950000  orientation 0.00
drill  0.000000
shape_offset  0.000000  0.000000
$EndPAD
$EndMODULE  C7

$MODULE "C6"
reference "C6"
value "4.7u"
footprint "Capacitor_SMD:C_1210_3225Metric_Pad1.42x2.65mm_HandSolder"
attribut smd
position 139.292300 83.898600  orientation 90.00
layer front
$PAD "2"
Shape Roundrect Layer front
position  1.487500  0.000000  size  1.425000  2.650000  orientation 0.00
drill  0.000000
shape_offset  0.000000  0.000000
$EndPAD
$PAD "1"
Shape Roundrect Layer front
position -1.487500  0.000000  size  1.425000  2.650000  orientation 0.00
drill  0.000000
shape_offset  0.000000  0.000000
$EndPAD
$EndMODULE  C6

$MODULE "C3"
reference "C3"
value "C_Small"
footprint "Capacitor_SMD:C_0805_2012Metric_Pad1.15x1.40mm_HandSolder"
attribut smd
position 193.394300 75.008600  orientation 0.00
layer front
$PAD "2"
Shape Roundrect Layer front
position  1.025000  0.000000  size  1.150000  1.400000  orientation 0.00
drill  0.000000
shape_offset  0.000000  0.000000
$EndPAD
$PAD "1"
Shape Roundrect Layer front
position -1.025000  0.000000  size  1.150000  1.400000  orientation 0.00
drill  0.000000
shape_offset  0.000000  0.000000
$EndPAD
$EndMODULE  C3

$MODULE "C2"
reference "C2"
value "4.7u"
footprint "Capacitor_SMD:C_1210_3225Metric_Pad1.42x2.65mm_HandSolder"
attribut smd
position 139.292300 75.008600  orientation 270.00
layer front
$PAD "2"
Shape Roundrect Layer front
position  1.487500  0.000000  size  1.425000  2.650000  orientation 0.00
drill  0.000000
shape_offset  0.000000  0.000000
$EndPAD
$PAD "1"
Shape Roundrect Layer front
position -1.487500  0.000000  size  1.425000  2.650000  orientation 0.00
drill  0.000000
shape_offset  0.000000  0.000000
$EndPAD
$EndMODULE  C2

$EndDESCRIPTION
